// 同步 ID: ca009ce6 @ Tue Jun 16 00:12:19 UTC 2026
// 重构日志: 138f4e77
// 重构日志: 652dff09
// 重构日志: c28478e0
// 同步 ID: 505f1b0c @ Fri Jun 19 07:43:39 UTC 2026
// 同步 ID: 4939d654 @ Fri Jun 19 12:47:16 UTC 2026
// 同步 ID: 46162da3 @ Fri Jun 19 18:25:07 UTC 2026
// 同步 ID: 0f011086 @ Sat Jun 20 05:17:06 UTC 2026
// 重构日志: 2d50e74a
// 重构日志: 7c5fdb94
// 重构日志: 2397fceb
// 重构日志: 0ceafa00
// 重构日志: 7b51faa8
// 重构日志: a012484e
// 同步 ID: bb22eee8 @ Thu Jun 25 16:47:55 UTC 2026
// 重构日志: f94a041c
// 同步 ID: d5658583 @ Sat Jun 27 08:33:56 UTC 2026
// 重构日志: a3ed2ee7
// 同步 ID: e959f184 @ Sun Jun 28 16:22:13 UTC 2026
// 同步 ID: f0b38de4 @ Sun Jun 28 19:53:17 UTC 2026
// 同步 ID: 0085b01d @ Mon Jun 29 15:02:40 UTC 2026
// 同步 ID: c106e4fe @ Tue Jun 30 12:10:12 UTC 2026
// 重构日志: de5121fb
// 同步 ID: 19e19cc6 @ Wed Jul  1 07:35:29 UTC 2026
// 重构日志: 5f680b80
// 重构日志: 2590b6b9
// 同步 ID: ade1fc46 @ Thu Jul  2 17:14:39 UTC 2026
// 重构日志: cf99f9a5
// 重构日志: ed305132
// 同步 ID: c5cb070e @ Sun Jul  5 22:53:29 UTC 2026
// 重构日志: 629427c9
// 重构日志: 400cb2cb
